Build started 11/1/2023 3:40:46 PM.
     1>Project "C:\Users\sabah\OneDrive\Documents\Visual Studio 2010\Projects\Final\Final\Final.vcxproj" on node 2 (rebuild target(s)).
     1>_PrepareForClean:
         Deleting file "Debug\Final.lastbuildstate".
       InitializeBuildStatus:
         Creating "Debug\Final.unsuccessfulbuild" because "AlwaysCreate" was specified.
       ClCompile:
         c:\Program Files (x86)\Microsoft Visual Studio 10.0\VC\bin\CL.exe /c /ZI /nologo /W3 /WX- /Od /Oy- /D _MBCS /Gm /EHsc /RTC1 /MDd /GS /fp:precise /Zc:wchar_t /Zc:forScope /Fo"Debug\\" /Fd"Debug\vc100.pdb" /Gd /TP /analyze- /errorReport:prompt iMain.cpp
         iMain.cpp
     1>c:\users\sabah\onedrive\documents\visual studio 2010\projects\final\final\imain.cpp(389): warning C4996: 'fopen': This function or variable may be unsafe. Consider using fopen_s instead. To disable deprecation, use _CRT_SECURE_NO_WARNINGS. See online help for details.
                 c:\program files (x86)\microsoft visual studio 10.0\vc\include\stdio.h(234) : see declaration of 'fopen'
     1>c:\users\sabah\onedrive\documents\visual studio 2010\projects\final\final\imain.cpp(622): warning C4996: 'fopen': This function or variable may be unsafe. Consider using fopen_s instead. To disable deprecation, use _CRT_SECURE_NO_WARNINGS. See online help for details.
                 c:\program files (x86)\microsoft visual studio 10.0\vc\include\stdio.h(234) : see declaration of 'fopen'
     1>c:\users\sabah\onedrive\documents\visual studio 2010\projects\final\final\imain.cpp(633): warning C4996: 'sscanf': This function or variable may be unsafe. Consider using sscanf_s instead. To disable deprecation, use _CRT_SECURE_NO_WARNINGS. See online help for details.
                 c:\program files (x86)\microsoft visual studio 10.0\vc\include\stdio.h(325) : see declaration of 'sscanf'
       Link:
         c:\Program Files (x86)\Microsoft Visual Studio 10.0\VC\bin\link.exe /ERRORREPORT:PROMPT /OUT:"C:\Users\sabah\OneDrive\Documents\Visual Studio 2010\Projects\Final\Debug\Final.exe" /NOLOGO kernel32.lib user32.lib gdi32.lib winspool.lib comdlg32.lib advapi32.lib shell32.lib ole32.lib oleaut32.lib uuid.lib odbc32.lib odbccp32.lib /MANIFEST /ManifestFile:"Debug\Final.exe.intermediate.manifest" /MANIFESTUAC:"level='asInvoker' uiAccess='false'" /DEBUG /PDB:"C:\Users\sabah\OneDrive\Documents\Visual Studio 2010\Projects\Final\Debug\Final.pdb" /TLBID:1 /DYNAMICBASE /NXCOMPAT /IMPLIB:"C:\Users\sabah\OneDrive\Documents\Visual Studio 2010\Projects\Final\Debug\Final.lib" /MACHINE:X86 Debug\iMain.obj
         Final.vcxproj -> C:\Users\sabah\OneDrive\Documents\Visual Studio 2010\Projects\Final\Debug\Final.exe
       Manifest:
         C:\Program Files (x86)\Microsoft SDKs\Windows\v7.0A\bin\mt.exe /nologo /verbose /outputresource:"C:\Users\sabah\OneDrive\Documents\Visual Studio 2010\Projects\Final\Debug\Final.exe;#1" /manifest Debug\Final.exe.intermediate.manifest
       FinalizeBuildStatus:
         Deleting file "Debug\Final.unsuccessfulbuild".
         Touching "Debug\Final.lastbuildstate".
     1>Done Building Project "C:\Users\sabah\OneDrive\Documents\Visual Studio 2010\Projects\Final\Final\Final.vcxproj" (rebuild target(s)).

Build succeeded.

Time Elapsed 00:00:01.24
